[2021-07-26 12:32:27] local.ERROR: Command "make" is not defined.

Did you mean one of these?
    make:migration
    make:seeder {"exception":"[object] (Symfony\\Component\\Console\\Exception\\CommandNotFoundException(code: 0): Command \"make\" is not defined.

Did you mean one of these?
    make:migration
    make:seeder at C:\\Users\\Formation Dev PHP\\Desktop\\heimdallAPI\\vendor\\symfony\\console\\Application.php:682)
[stacktrace]
#0 C:\\Users\\Formation Dev PHP\\Desktop\\heimdallAPI\\vendor\\symfony\\console\\Application.php(255): Symfony\\Component\\Console\\Application->find('make')
#1 C:\\Users\\Formation Dev PHP\\Desktop\\heimdallAPI\\vendor\\symfony\\console\\Application.php(167): Symfony\\Component\\Console\\Application->doRun(Object(Symfony\\Component\\Console\\Input\\ArgvInput), Object(Symfony\\Component\\Console\\Output\\ConsoleOutput))
#2 C:\\Users\\Formation Dev PHP\\Desktop\\heimdallAPI\\vendor\\illuminate\\console\\Application.php(92): Symfony\\Component\\Console\\Application->run(Object(Symfony\\Component\\Console\\Input\\ArgvInput), Object(Symfony\\Component\\Console\\Output\\ConsoleOutput))
#3 C:\\Users\\Formation Dev PHP\\Desktop\\heimdallAPI\\vendor\\laravel\\lumen-framework\\src\\Console\\Kernel.php(116): Illuminate\\Console\\Application->run(Object(Symfony\\Component\\Console\\Input\\ArgvInput), Object(Symfony\\Component\\Console\\Output\\ConsoleOutput))
#4 C:\\Users\\Formation Dev PHP\\Desktop\\heimdallAPI\\artisan(35): Laravel\\Lumen\\Console\\Kernel->handle(Object(Symfony\\Component\\Console\\Input\\ArgvInput), Object(Symfony\\Component\\Console\\Output\\ConsoleOutput))
#5 {main}
"} 
[2021-07-26 12:32:35] local.ERROR: Command "make:" is ambiguous.
Did you mean one of these?
    make:migration Create a new migration file
    make:seeder    Create a new seeder class. {"exception":"[object] (Symfony\\Component\\Console\\Exception\\CommandNotFoundException(code: 0): Command \"make:\" is ambiguous.
Did you mean one of these?
    make:migration Create a new migration file
    make:seeder    Create a new seeder class. at C:\\Users\\Formation Dev PHP\\Desktop\\heimdallAPI\\vendor\\symfony\\console\\Application.php:723)
[stacktrace]
#0 C:\\Users\\Formation Dev PHP\\Desktop\\heimdallAPI\\vendor\\symfony\\console\\Application.php(255): Symfony\\Component\\Console\\Application->find('make:')
#1 C:\\Users\\Formation Dev PHP\\Desktop\\heimdallAPI\\vendor\\symfony\\console\\Application.php(167): Symfony\\Component\\Console\\Application->doRun(Object(Symfony\\Component\\Console\\Input\\ArgvInput), Object(Symfony\\Component\\Console\\Output\\ConsoleOutput))
#2 C:\\Users\\Formation Dev PHP\\Desktop\\heimdallAPI\\vendor\\illuminate\\console\\Application.php(92): Symfony\\Component\\Console\\Application->run(Object(Symfony\\Component\\Console\\Input\\ArgvInput), Object(Symfony\\Component\\Console\\Output\\ConsoleOutput))
#3 C:\\Users\\Formation Dev PHP\\Desktop\\heimdallAPI\\vendor\\laravel\\lumen-framework\\src\\Console\\Kernel.php(116): Illuminate\\Console\\Application->run(Object(Symfony\\Component\\Console\\Input\\ArgvInput), Object(Symfony\\Component\\Console\\Output\\ConsoleOutput))
#4 C:\\Users\\Formation Dev PHP\\Desktop\\heimdallAPI\\artisan(35): Laravel\\Lumen\\Console\\Kernel->handle(Object(Symfony\\Component\\Console\\Input\\ArgvInput), Object(Symfony\\Component\\Console\\Output\\ConsoleOutput))
#5 {main}
"} 
[2021-07-26 12:32:49] local.ERROR: Command "make:models" is not defined.

Did you mean one of these?
    make:migration
    make:seeder {"exception":"[object] (Symfony\\Component\\Console\\Exception\\CommandNotFoundException(code: 0): Command \"make:models\" is not defined.

Did you mean one of these?
    make:migration
    make:seeder at C:\\Users\\Formation Dev PHP\\Desktop\\heimdallAPI\\vendor\\symfony\\console\\Application.php:682)
[stacktrace]
#0 C:\\Users\\Formation Dev PHP\\Desktop\\heimdallAPI\\vendor\\symfony\\console\\Application.php(255): Symfony\\Component\\Console\\Application->find('make:models')
#1 C:\\Users\\Formation Dev PHP\\Desktop\\heimdallAPI\\vendor\\symfony\\console\\Application.php(167): Symfony\\Component\\Console\\Application->doRun(Object(Symfony\\Component\\Console\\Input\\ArgvInput), Object(Symfony\\Component\\Console\\Output\\ConsoleOutput))
#2 C:\\Users\\Formation Dev PHP\\Desktop\\heimdallAPI\\vendor\\illuminate\\console\\Application.php(92): Symfony\\Component\\Console\\Application->run(Object(Symfony\\Component\\Console\\Input\\ArgvInput), Object(Symfony\\Component\\Console\\Output\\ConsoleOutput))
#3 C:\\Users\\Formation Dev PHP\\Desktop\\heimdallAPI\\vendor\\laravel\\lumen-framework\\src\\Console\\Kernel.php(116): Illuminate\\Console\\Application->run(Object(Symfony\\Component\\Console\\Input\\ArgvInput), Object(Symfony\\Component\\Console\\Output\\ConsoleOutput))
#4 C:\\Users\\Formation Dev PHP\\Desktop\\heimdallAPI\\artisan(35): Laravel\\Lumen\\Console\\Kernel->handle(Object(Symfony\\Component\\Console\\Input\\ArgvInput), Object(Symfony\\Component\\Console\\Output\\ConsoleOutput))
#5 {main}
"} 
[2021-07-26 13:07:58] local.ERROR: Not enough arguments (missing: "name"). {"exception":"[object] (Symfony\\Component\\Console\\Exception\\RuntimeException(code: 0): Not enough arguments (missing: \"name\"). at C:\\Users\\Formation Dev PHP\\Desktop\\heimdallAPI\\vendor\\symfony\\console\\Input\\Input.php:76)
[stacktrace]
#0 C:\\Users\\Formation Dev PHP\\Desktop\\heimdallAPI\\vendor\\symfony\\console\\Command\\Command.php(294): Symfony\\Component\\Console\\Input\\Input->validate()
#1 C:\\Users\\Formation Dev PHP\\Desktop\\heimdallAPI\\vendor\\illuminate\\console\\Command.php(121): Symfony\\Component\\Console\\Command\\Command->run(Object(Symfony\\Component\\Console\\Input\\ArgvInput), Object(Illuminate\\Console\\OutputStyle))
#2 C:\\Users\\Formation Dev PHP\\Desktop\\heimdallAPI\\vendor\\symfony\\console\\Application.php(978): Illuminate\\Console\\Command->run(Object(Symfony\\Component\\Console\\Input\\ArgvInput), Object(Symfony\\Component\\Console\\Output\\ConsoleOutput))
#3 C:\\Users\\Formation Dev PHP\\Desktop\\heimdallAPI\\vendor\\symfony\\console\\Application.php(295): Symfony\\Component\\Console\\Application->doRunCommand(Object(Illuminate\\Database\\Console\\Migrations\\MigrateMakeCommand), Object(Symfony\\Component\\Console\\Input\\ArgvInput), Object(Symfony\\Component\\Console\\Output\\ConsoleOutput))
#4 C:\\Users\\Formation Dev PHP\\Desktop\\heimdallAPI\\vendor\\symfony\\console\\Application.php(167): Symfony\\Component\\Console\\Application->doRun(Object(Symfony\\Component\\Console\\Input\\ArgvInput), Object(Symfony\\Component\\Console\\Output\\ConsoleOutput))
#5 C:\\Users\\Formation Dev PHP\\Desktop\\heimdallAPI\\vendor\\illuminate\\console\\Application.php(92): Symfony\\Component\\Console\\Application->run(Object(Symfony\\Component\\Console\\Input\\ArgvInput), Object(Symfony\\Component\\Console\\Output\\ConsoleOutput))
#6 C:\\Users\\Formation Dev PHP\\Desktop\\heimdallAPI\\vendor\\laravel\\lumen-framework\\src\\Console\\Kernel.php(116): Illuminate\\Console\\Application->run(Object(Symfony\\Component\\Console\\Input\\ArgvInput), Object(Symfony\\Component\\Console\\Output\\ConsoleOutput))
#7 C:\\Users\\Formation Dev PHP\\Desktop\\heimdallAPI\\artisan(35): Laravel\\Lumen\\Console\\Kernel->handle(Object(Symfony\\Component\\Console\\Input\\ArgvInput), Object(Symfony\\Component\\Console\\Output\\ConsoleOutput))
#8 {main}
"} 
[2021-07-26 13:09:05] local.ERROR: A CreateHcTaskTable class already exists. {"exception":"[object] (InvalidArgumentException(code: 0): A CreateHcTaskTable class already exists. at C:\\Users\\Formation Dev PHP\\Desktop\\heimdallAPI\\vendor\\illuminate\\database\\Migrations\\MigrationCreator.php:102)
[stacktrace]
#0 C:\\Users\\Formation Dev PHP\\Desktop\\heimdallAPI\\vendor\\illuminate\\database\\Migrations\\MigrationCreator.php(59): Illuminate\\Database\\Migrations\\MigrationCreator->ensureMigrationDoesntAlreadyExist('create_hc_task_...', 'C:\\\\Users\\\\Format...')
#1 C:\\Users\\Formation Dev PHP\\Desktop\\heimdallAPI\\vendor\\illuminate\\database\\Console\\Migrations\\MigrateMakeCommand.php(110): Illuminate\\Database\\Migrations\\MigrationCreator->create('create_hc_task_...', 'C:\\\\Users\\\\Format...', 'hc_task', true)
#2 C:\\Users\\Formation Dev PHP\\Desktop\\heimdallAPI\\vendor\\illuminate\\database\\Console\\Migrations\\MigrateMakeCommand.php(94): Illuminate\\Database\\Console\\Migrations\\MigrateMakeCommand->writeMigration('create_hc_task_...', 'hc_task', true)
#3 C:\\Users\\Formation Dev PHP\\Desktop\\heimdallAPI\\vendor\\illuminate\\container\\BoundMethod.php(36): Illuminate\\Database\\Console\\Migrations\\MigrateMakeCommand->handle()
#4 C:\\Users\\Formation Dev PHP\\Desktop\\heimdallAPI\\vendor\\illuminate\\container\\Util.php(40): Illuminate\\Container\\BoundMethod::Illuminate\\Container\\{closure}()
#5 C:\\Users\\Formation Dev PHP\\Desktop\\heimdallAPI\\vendor\\illuminate\\container\\BoundMethod.php(93): Illuminate\\Container\\Util::unwrapIfClosure(Object(Closure))
#6 C:\\Users\\Formation Dev PHP\\Desktop\\heimdallAPI\\vendor\\illuminate\\container\\BoundMethod.php(37): Illuminate\\Container\\BoundMethod::callBoundMethod(Object(Laravel\\Lumen\\Application), Array, Object(Closure))
#7 C:\\Users\\Formation Dev PHP\\Desktop\\heimdallAPI\\vendor\\illuminate\\container\\Container.php(651): Illuminate\\Container\\BoundMethod::call(Object(Laravel\\Lumen\\Application), Array, Array, NULL)
#8 C:\\Users\\Formation Dev PHP\\Desktop\\heimdallAPI\\vendor\\illuminate\\console\\Command.php(136): Illuminate\\Container\\Container->call(Array)
#9 C:\\Users\\Formation Dev PHP\\Desktop\\heimdallAPI\\vendor\\symfony\\console\\Command\\Command.php(299): Illuminate\\Console\\Command->execute(Object(Symfony\\Component\\Console\\Input\\ArgvInput), Object(Illuminate\\Console\\OutputStyle))
#10 C:\\Users\\Formation Dev PHP\\Desktop\\heimdallAPI\\vendor\\illuminate\\console\\Command.php(121): Symfony\\Component\\Console\\Command\\Command->run(Object(Symfony\\Component\\Console\\Input\\ArgvInput), Object(Illuminate\\Console\\OutputStyle))
#11 C:\\Users\\Formation Dev PHP\\Desktop\\heimdallAPI\\vendor\\symfony\\console\\Application.php(978): Illuminate\\Console\\Command->run(Object(Symfony\\Component\\Console\\Input\\ArgvInput), Object(Symfony\\Component\\Console\\Output\\ConsoleOutput))
#12 C:\\Users\\Formation Dev PHP\\Desktop\\heimdallAPI\\vendor\\symfony\\console\\Application.php(295): Symfony\\Component\\Console\\Application->doRunCommand(Object(Illuminate\\Database\\Console\\Migrations\\MigrateMakeCommand), Object(Symfony\\Component\\Console\\Input\\ArgvInput), Object(Symfony\\Component\\Console\\Output\\ConsoleOutput))
#13 C:\\Users\\Formation Dev PHP\\Desktop\\heimdallAPI\\vendor\\symfony\\console\\Application.php(167): Symfony\\Component\\Console\\Application->doRun(Object(Symfony\\Component\\Console\\Input\\ArgvInput), Object(Symfony\\Component\\Console\\Output\\ConsoleOutput))
#14 C:\\Users\\Formation Dev PHP\\Desktop\\heimdallAPI\\vendor\\illuminate\\console\\Application.php(92): Symfony\\Component\\Console\\Application->run(Object(Symfony\\Component\\Console\\Input\\ArgvInput), Object(Symfony\\Component\\Console\\Output\\ConsoleOutput))
#15 C:\\Users\\Formation Dev PHP\\Desktop\\heimdallAPI\\vendor\\laravel\\lumen-framework\\src\\Console\\Kernel.php(116): Illuminate\\Console\\Application->run(Object(Symfony\\Component\\Console\\Input\\ArgvInput), Object(Symfony\\Component\\Console\\Output\\ConsoleOutput))
#16 C:\\Users\\Formation Dev PHP\\Desktop\\heimdallAPI\\artisan(35): Laravel\\Lumen\\Console\\Kernel->handle(Object(Symfony\\Component\\Console\\Input\\ArgvInput), Object(Symfony\\Component\\Console\\Output\\ConsoleOutput))
#17 {main}
"} 
[2021-07-26 13:09:20] local.ERROR: Command "migration" is not defined.

Did you mean one of these?
    make:migration
    migrate
    migrate:fresh
    migrate:install
    migrate:refresh
    migrate:reset
    migrate:rollback
    migrate:status {"exception":"[object] (Symfony\\Component\\Console\\Exception\\CommandNotFoundException(code: 0): Command \"migration\" is not defined.

Did you mean one of these?
    make:migration
    migrate
    migrate:fresh
    migrate:install
    migrate:refresh
    migrate:reset
    migrate:rollback
    migrate:status at C:\\Users\\Formation Dev PHP\\Desktop\\heimdallAPI\\vendor\\symfony\\console\\Application.php:682)
[stacktrace]
#0 C:\\Users\\Formation Dev PHP\\Desktop\\heimdallAPI\\vendor\\symfony\\console\\Application.php(255): Symfony\\Component\\Console\\Application->find('migration')
#1 C:\\Users\\Formation Dev PHP\\Desktop\\heimdallAPI\\vendor\\symfony\\console\\Application.php(167): Symfony\\Component\\Console\\Application->doRun(Object(Symfony\\Component\\Console\\Input\\ArgvInput), Object(Symfony\\Component\\Console\\Output\\ConsoleOutput))
#2 C:\\Users\\Formation Dev PHP\\Desktop\\heimdallAPI\\vendor\\illuminate\\console\\Application.php(92): Symfony\\Component\\Console\\Application->run(Object(Symfony\\Component\\Console\\Input\\ArgvInput), Object(Symfony\\Component\\Console\\Output\\ConsoleOutput))
#3 C:\\Users\\Formation Dev PHP\\Desktop\\heimdallAPI\\vendor\\laravel\\lumen-framework\\src\\Console\\Kernel.php(116): Illuminate\\Console\\Application->run(Object(Symfony\\Component\\Console\\Input\\ArgvInput), Object(Symfony\\Component\\Console\\Output\\ConsoleOutput))
#4 C:\\Users\\Formation Dev PHP\\Desktop\\heimdallAPI\\artisan(35): Laravel\\Lumen\\Console\\Kernel->handle(Object(Symfony\\Component\\Console\\Input\\ArgvInput), Object(Symfony\\Component\\Console\\Output\\ConsoleOutput))
#5 {main}
"} 
[2021-07-26 13:17:23] local.ERROR: SQLSTATE[42000]: Syntax error or access violation: 1166 Nom de colonne '(taskData_id ' incorrect (SQL: create table `hc_task_data` (`(taskData_id ` bigint unsigned not null auto_increment primary key, `taskData_key` varchar(255) not null, `created_at` date null, `updated_at` date null, `deleted_at` date null) default character set utf8mb4 collate 'utf8mb4_unicode_ci') {"exception":"[object] (Illuminate\\Database\\QueryException(code: 42000): SQLSTATE[42000]: Syntax error or access violation: 1166 Nom de colonne '(taskData_id ' incorrect (SQL: create table `hc_task_data` (`(taskData_id ` bigint unsigned not null auto_increment primary key, `taskData_key` varchar(255) not null, `created_at` date null, `updated_at` date null, `deleted_at` date null) default character set utf8mb4 collate 'utf8mb4_unicode_ci') at C:\\Users\\Formation Dev PHP\\Desktop\\heimdallAPI\\vendor\\illuminate\\database\\Connection.php:692)
[stacktrace]
#0 C:\\Users\\Formation Dev PHP\\Desktop\\heimdallAPI\\vendor\\illuminate\\database\\Connection.php(652): Illuminate\\Database\\Connection->runQueryCallback('create table `h...', Array, Object(Closure))
#1 C:\\Users\\Formation Dev PHP\\Desktop\\heimdallAPI\\vendor\\illuminate\\database\\Connection.php(486): Illuminate\\Database\\Connection->run('create table `h...', Array, Object(Closure))
#2 C:\\Users\\Formation Dev PHP\\Desktop\\heimdallAPI\\vendor\\illuminate\\database\\Schema\\Blueprint.php(109): Illuminate\\Database\\Connection->statement('create table `h...')
#3 C:\\Users\\Formation Dev PHP\\Desktop\\heimdallAPI\\vendor\\illuminate\\database\\Schema\\Builder.php(365): Illuminate\\Database\\Schema\\Blueprint->build(Object(Illuminate\\Database\\MySqlConnection), Object(Illuminate\\Database\\Schema\\Grammars\\MySqlGrammar))
#4 C:\\Users\\Formation Dev PHP\\Desktop\\heimdallAPI\\vendor\\illuminate\\database\\Schema\\Builder.php(228): Illuminate\\Database\\Schema\\Builder->build(Object(Illuminate\\Database\\Schema\\Blueprint))
#5 C:\\Users\\Formation Dev PHP\\Desktop\\heimdallAPI\\vendor\\illuminate\\support\\Facades\\Facade.php(261): Illuminate\\Database\\Schema\\Builder->create('hc_task_data', Object(Closure))
#6 C:\\Users\\Formation Dev PHP\\Desktop\\heimdallAPI\\database\\migrations\\2021_07_26_131408_create_hc_task_data_table.php(22): Illuminate\\Support\\Facades\\Facade::__callStatic('create', Array)
#7 C:\\Users\\Formation Dev PHP\\Desktop\\heimdallAPI\\vendor\\illuminate\\database\\Migrations\\Migrator.php(394): CreateHcTaskDataTable->up()
#8 C:\\Users\\Formation Dev PHP\\Desktop\\heimdallAPI\\vendor\\illuminate\\database\\Migrations\\Migrator.php(403): Illuminate\\Database\\Migrations\\Migrator->Illuminate\\Database\\Migrations\\{closure}()
#9 C:\\Users\\Formation Dev PHP\\Desktop\\heimdallAPI\\vendor\\illuminate\\database\\Migrations\\Migrator.php(202): Illuminate\\Database\\Migrations\\Migrator->runMigration(Object(CreateHcTaskDataTable), 'up')
#10 C:\\Users\\Formation Dev PHP\\Desktop\\heimdallAPI\\vendor\\illuminate\\database\\Migrations\\Migrator.php(167): Illuminate\\Database\\Migrations\\Migrator->runUp('C:\\\\Users\\\\Format...', 2, false)
#11 C:\\Users\\Formation Dev PHP\\Desktop\\heimdallAPI\\vendor\\illuminate\\database\\Migrations\\Migrator.php(112): Illuminate\\Database\\Migrations\\Migrator->runPending(Array, Array)
#12 C:\\Users\\Formation Dev PHP\\Desktop\\heimdallAPI\\vendor\\illuminate\\database\\Console\\Migrations\\MigrateCommand.php(85): Illuminate\\Database\\Migrations\\Migrator->run(Array, Array)
#13 C:\\Users\\Formation Dev PHP\\Desktop\\heimdallAPI\\vendor\\illuminate\\database\\Migrations\\Migrator.php(585): Illuminate\\Database\\Console\\Migrations\\MigrateCommand->Illuminate\\Database\\Console\\Migrations\\{closure}()
#14 C:\\Users\\Formation Dev PHP\\Desktop\\heimdallAPI\\vendor\\illuminate\\database\\Console\\Migrations\\MigrateCommand.php(94): Illuminate\\Database\\Migrations\\Migrator->usingConnection(NULL, Object(Closure))
#15 C:\\Users\\Formation Dev PHP\\Desktop\\heimdallAPI\\vendor\\illuminate\\container\\BoundMethod.php(36): Illuminate\\Database\\Console\\Migrations\\MigrateCommand->handle()
#16 C:\\Users\\Formation Dev PHP\\Desktop\\heimdallAPI\\vendor\\illuminate\\container\\Util.php(40): Illuminate\\Container\\BoundMethod::Illuminate\\Container\\{closure}()
#17 C:\\Users\\Formation Dev PHP\\Desktop\\heimdallAPI\\vendor\\illuminate\\container\\BoundMethod.php(93): Illuminate\\Container\\Util::unwrapIfClosure(Object(Closure))
#18 C:\\Users\\Formation Dev PHP\\Desktop\\heimdallAPI\\vendor\\illuminate\\container\\BoundMethod.php(37): Illuminate\\Container\\BoundMethod::callBoundMethod(Object(Laravel\\Lumen\\Application), Array, Object(Closure))
#19 C:\\Users\\Formation Dev PHP\\Desktop\\heimdallAPI\\vendor\\illuminate\\container\\Container.php(651): Illuminate\\Container\\BoundMethod::call(Object(Laravel\\Lumen\\Application), Array, Array, NULL)
#20 C:\\Users\\Formation Dev PHP\\Desktop\\heimdallAPI\\vendor\\illuminate\\console\\Command.php(136): Illuminate\\Container\\Container->call(Array)
#21 C:\\Users\\Formation Dev PHP\\Desktop\\heimdallAPI\\vendor\\symfony\\console\\Command\\Command.php(299): Illuminate\\Console\\Command->execute(Object(Symfony\\Component\\Console\\Input\\ArgvInput), Object(Illuminate\\Console\\OutputStyle))
#22 C:\\Users\\Formation Dev PHP\\Desktop\\heimdallAPI\\vendor\\illuminate\\console\\Command.php(121): Symfony\\Component\\Console\\Command\\Command->run(Object(Symfony\\Component\\Console\\Input\\ArgvInput), Object(Illuminate\\Console\\OutputStyle))
#23 C:\\Users\\Formation Dev PHP\\Desktop\\heimdallAPI\\vendor\\symfony\\console\\Application.php(978): Illuminate\\Console\\Command->run(Object(Symfony\\Component\\Console\\Input\\ArgvInput), Object(Symfony\\Component\\Console\\Output\\ConsoleOutput))
#24 C:\\Users\\Formation Dev PHP\\Desktop\\heimdallAPI\\vendor\\symfony\\console\\Application.php(295): Symfony\\Component\\Console\\Application->doRunCommand(Object(Illuminate\\Database\\Console\\Migrations\\MigrateCommand), Object(Symfony\\Component\\Console\\Input\\ArgvInput), Object(Symfony\\Component\\Console\\Output\\ConsoleOutput))
#25 C:\\Users\\Formation Dev PHP\\Desktop\\heimdallAPI\\vendor\\symfony\\console\\Application.php(167): Symfony\\Component\\Console\\Application->doRun(Object(Symfony\\Component\\Console\\Input\\ArgvInput), Object(Symfony\\Component\\Console\\Output\\ConsoleOutput))
#26 C:\\Users\\Formation Dev PHP\\Desktop\\heimdallAPI\\vendor\\illuminate\\console\\Application.php(92): Symfony\\Component\\Console\\Application->run(Object(Symfony\\Component\\Console\\Input\\ArgvInput), Object(Symfony\\Component\\Console\\Output\\ConsoleOutput))
#27 C:\\Users\\Formation Dev PHP\\Desktop\\heimdallAPI\\vendor\\laravel\\lumen-framework\\src\\Console\\Kernel.php(116): Illuminate\\Console\\Application->run(Object(Symfony\\Component\\Console\\Input\\ArgvInput), Object(Symfony\\Component\\Console\\Output\\ConsoleOutput))
#28 C:\\Users\\Formation Dev PHP\\Desktop\\heimdallAPI\\artisan(35): Laravel\\Lumen\\Console\\Kernel->handle(Object(Symfony\\Component\\Console\\Input\\ArgvInput), Object(Symfony\\Component\\Console\\Output\\ConsoleOutput))
#29 {main}

[previous exception] [object] (PDOException(code: 42000): SQLSTATE[42000]: Syntax error or access violation: 1166 Nom de colonne '(taskData_id ' incorrect at C:\\Users\\Formation Dev PHP\\Desktop\\heimdallAPI\\vendor\\illuminate\\database\\Connection.php:485)
[stacktrace]
#0 C:\\Users\\Formation Dev PHP\\Desktop\\heimdallAPI\\vendor\\illuminate\\database\\Connection.php(485): PDOStatement->execute()
#1 C:\\Users\\Formation Dev PHP\\Desktop\\heimdallAPI\\vendor\\illuminate\\database\\Connection.php(685): Illuminate\\Database\\Connection->Illuminate\\Database\\{closure}('create table `h...', Array)
#2 C:\\Users\\Formation Dev PHP\\Desktop\\heimdallAPI\\vendor\\illuminate\\database\\Connection.php(652): Illuminate\\Database\\Connection->runQueryCallback('create table `h...', Array, Object(Closure))
#3 C:\\Users\\Formation Dev PHP\\Desktop\\heimdallAPI\\vendor\\illuminate\\database\\Connection.php(486): Illuminate\\Database\\Connection->run('create table `h...', Array, Object(Closure))
#4 C:\\Users\\Formation Dev PHP\\Desktop\\heimdallAPI\\vendor\\illuminate\\database\\Schema\\Blueprint.php(109): Illuminate\\Database\\Connection->statement('create table `h...')
#5 C:\\Users\\Formation Dev PHP\\Desktop\\heimdallAPI\\vendor\\illuminate\\database\\Schema\\Builder.php(365): Illuminate\\Database\\Schema\\Blueprint->build(Object(Illuminate\\Database\\MySqlConnection), Object(Illuminate\\Database\\Schema\\Grammars\\MySqlGrammar))
#6 C:\\Users\\Formation Dev PHP\\Desktop\\heimdallAPI\\vendor\\illuminate\\database\\Schema\\Builder.php(228): Illuminate\\Database\\Schema\\Builder->build(Object(Illuminate\\Database\\Schema\\Blueprint))
#7 C:\\Users\\Formation Dev PHP\\Desktop\\heimdallAPI\\vendor\\illuminate\\support\\Facades\\Facade.php(261): Illuminate\\Database\\Schema\\Builder->create('hc_task_data', Object(Closure))
#8 C:\\Users\\Formation Dev PHP\\Desktop\\heimdallAPI\\database\\migrations\\2021_07_26_131408_create_hc_task_data_table.php(22): Illuminate\\Support\\Facades\\Facade::__callStatic('create', Array)
#9 C:\\Users\\Formation Dev PHP\\Desktop\\heimdallAPI\\vendor\\illuminate\\database\\Migrations\\Migrator.php(394): CreateHcTaskDataTable->up()
#10 C:\\Users\\Formation Dev PHP\\Desktop\\heimdallAPI\\vendor\\illuminate\\database\\Migrations\\Migrator.php(403): Illuminate\\Database\\Migrations\\Migrator->Illuminate\\Database\\Migrations\\{closure}()
#11 C:\\Users\\Formation Dev PHP\\Desktop\\heimdallAPI\\vendor\\illuminate\\database\\Migrations\\Migrator.php(202): Illuminate\\Database\\Migrations\\Migrator->runMigration(Object(CreateHcTaskDataTable), 'up')
#12 C:\\Users\\Formation Dev PHP\\Desktop\\heimdallAPI\\vendor\\illuminate\\database\\Migrations\\Migrator.php(167): Illuminate\\Database\\Migrations\\Migrator->runUp('C:\\\\Users\\\\Format...', 2, false)
#13 C:\\Users\\Formation Dev PHP\\Desktop\\heimdallAPI\\vendor\\illuminate\\database\\Migrations\\Migrator.php(112): Illuminate\\Database\\Migrations\\Migrator->runPending(Array, Array)
#14 C:\\Users\\Formation Dev PHP\\Desktop\\heimdallAPI\\vendor\\illuminate\\database\\Console\\Migrations\\MigrateCommand.php(85): Illuminate\\Database\\Migrations\\Migrator->run(Array, Array)
#15 C:\\Users\\Formation Dev PHP\\Desktop\\heimdallAPI\\vendor\\illuminate\\database\\Migrations\\Migrator.php(585): Illuminate\\Database\\Console\\Migrations\\MigrateCommand->Illuminate\\Database\\Console\\Migrations\\{closure}()
#16 C:\\Users\\Formation Dev PHP\\Desktop\\heimdallAPI\\vendor\\illuminate\\database\\Console\\Migrations\\MigrateCommand.php(94): Illuminate\\Database\\Migrations\\Migrator->usingConnection(NULL, Object(Closure))
#17 C:\\Users\\Formation Dev PHP\\Desktop\\heimdallAPI\\vendor\\illuminate\\container\\BoundMethod.php(36): Illuminate\\Database\\Console\\Migrations\\MigrateCommand->handle()
#18 C:\\Users\\Formation Dev PHP\\Desktop\\heimdallAPI\\vendor\\illuminate\\container\\Util.php(40): Illuminate\\Container\\BoundMethod::Illuminate\\Container\\{closure}()
#19 C:\\Users\\Formation Dev PHP\\Desktop\\heimdallAPI\\vendor\\illuminate\\container\\BoundMethod.php(93): Illuminate\\Container\\Util::unwrapIfClosure(Object(Closure))
#20 C:\\Users\\Formation Dev PHP\\Desktop\\heimdallAPI\\vendor\\illuminate\\container\\BoundMethod.php(37): Illuminate\\Container\\BoundMethod::callBoundMethod(Object(Laravel\\Lumen\\Application), Array, Object(Closure))
#21 C:\\Users\\Formation Dev PHP\\Desktop\\heimdallAPI\\vendor\\illuminate\\container\\Container.php(651): Illuminate\\Container\\BoundMethod::call(Object(Laravel\\Lumen\\Application), Array, Array, NULL)
#22 C:\\Users\\Formation Dev PHP\\Desktop\\heimdallAPI\\vendor\\illuminate\\console\\Command.php(136): Illuminate\\Container\\Container->call(Array)
#23 C:\\Users\\Formation Dev PHP\\Desktop\\heimdallAPI\\vendor\\symfony\\console\\Command\\Command.php(299): Illuminate\\Console\\Command->execute(Object(Symfony\\Component\\Console\\Input\\ArgvInput), Object(Illuminate\\Console\\OutputStyle))
#24 C:\\Users\\Formation Dev PHP\\Desktop\\heimdallAPI\\vendor\\illuminate\\console\\Command.php(121): Symfony\\Component\\Console\\Command\\Command->run(Object(Symfony\\Component\\Console\\Input\\ArgvInput), Object(Illuminate\\Console\\OutputStyle))
#25 C:\\Users\\Formation Dev PHP\\Desktop\\heimdallAPI\\vendor\\symfony\\console\\Application.php(978): Illuminate\\Console\\Command->run(Object(Symfony\\Component\\Console\\Input\\ArgvInput), Object(Symfony\\Component\\Console\\Output\\ConsoleOutput))
#26 C:\\Users\\Formation Dev PHP\\Desktop\\heimdallAPI\\vendor\\symfony\\console\\Application.php(295): Symfony\\Component\\Console\\Application->doRunCommand(Object(Illuminate\\Database\\Console\\Migrations\\MigrateCommand), Object(Symfony\\Component\\Console\\Input\\ArgvInput), Object(Symfony\\Component\\Console\\Output\\ConsoleOutput))
#27 C:\\Users\\Formation Dev PHP\\Desktop\\heimdallAPI\\vendor\\symfony\\console\\Application.php(167): Symfony\\Component\\Console\\Application->doRun(Object(Symfony\\Component\\Console\\Input\\ArgvInput), Object(Symfony\\Component\\Console\\Output\\ConsoleOutput))
#28 C:\\Users\\Formation Dev PHP\\Desktop\\heimdallAPI\\vendor\\illuminate\\console\\Application.php(92): Symfony\\Component\\Console\\Application->run(Object(Symfony\\Component\\Console\\Input\\ArgvInput), Object(Symfony\\Component\\Console\\Output\\ConsoleOutput))
#29 C:\\Users\\Formation Dev PHP\\Desktop\\heimdallAPI\\vendor\\laravel\\lumen-framework\\src\\Console\\Kernel.php(116): Illuminate\\Console\\Application->run(Object(Symfony\\Component\\Console\\Input\\ArgvInput), Object(Symfony\\Component\\Console\\Output\\ConsoleOutput))
#30 C:\\Users\\Formation Dev PHP\\Desktop\\heimdallAPI\\artisan(35): Laravel\\Lumen\\Console\\Kernel->handle(Object(Symfony\\Component\\Console\\Input\\ArgvInput), Object(Symfony\\Component\\Console\\Output\\ConsoleOutput))
#31 {main}
"} 
[2021-07-26 13:20:33] local.ERROR: There are no commands defined in the "migration" namespace.

Did you mean this?
    migrate {"exception":"[object] (Symfony\\Component\\Console\\Exception\\NamespaceNotFoundException(code: 0): There are no commands defined in the \"migration\" namespace.

Did you mean this?
    migrate at C:\\Users\\Formation Dev PHP\\Desktop\\heimdallAPI\\vendor\\symfony\\console\\Application.php:612)
[stacktrace]
#0 C:\\Users\\Formation Dev PHP\\Desktop\\heimdallAPI\\vendor\\symfony\\console\\Application.php(663): Symfony\\Component\\Console\\Application->findNamespace('migration')
#1 C:\\Users\\Formation Dev PHP\\Desktop\\heimdallAPI\\vendor\\symfony\\console\\Application.php(255): Symfony\\Component\\Console\\Application->find('migration:refre...')
#2 C:\\Users\\Formation Dev PHP\\Desktop\\heimdallAPI\\vendor\\symfony\\console\\Application.php(167): Symfony\\Component\\Console\\Application->doRun(Object(Symfony\\Component\\Console\\Input\\ArgvInput), Object(Symfony\\Component\\Console\\Output\\ConsoleOutput))
#3 C:\\Users\\Formation Dev PHP\\Desktop\\heimdallAPI\\vendor\\illuminate\\console\\Application.php(92): Symfony\\Component\\Console\\Application->run(Object(Symfony\\Component\\Console\\Input\\ArgvInput), Object(Symfony\\Component\\Console\\Output\\ConsoleOutput))
#4 C:\\Users\\Formation Dev PHP\\Desktop\\heimdallAPI\\vendor\\laravel\\lumen-framework\\src\\Console\\Kernel.php(116): Illuminate\\Console\\Application->run(Object(Symfony\\Component\\Console\\Input\\ArgvInput), Object(Symfony\\Component\\Console\\Output\\ConsoleOutput))
#5 C:\\Users\\Formation Dev PHP\\Desktop\\heimdallAPI\\artisan(35): Laravel\\Lumen\\Console\\Kernel->handle(Object(Symfony\\Component\\Console\\Input\\ArgvInput), Object(Symfony\\Component\\Console\\Output\\ConsoleOutput))
#6 {main}
"} 
[2021-07-26 13:32:14] local.ERROR: Command "migration" is not defined.

Did you mean one of these?
    make:migration
    migrate
    migrate:fresh
    migrate:install
    migrate:refresh
    migrate:reset
    migrate:rollback
    migrate:status {"exception":"[object] (Symfony\\Component\\Console\\Exception\\CommandNotFoundException(code: 0): Command \"migration\" is not defined.

Did you mean one of these?
    make:migration
    migrate
    migrate:fresh
    migrate:install
    migrate:refresh
    migrate:reset
    migrate:rollback
    migrate:status at C:\\Users\\Formation Dev PHP\\Desktop\\heimdallAPI\\vendor\\symfony\\console\\Application.php:682)
[stacktrace]
#0 C:\\Users\\Formation Dev PHP\\Desktop\\heimdallAPI\\vendor\\symfony\\console\\Application.php(255): Symfony\\Component\\Console\\Application->find('migration')
#1 C:\\Users\\Formation Dev PHP\\Desktop\\heimdallAPI\\vendor\\symfony\\console\\Application.php(167): Symfony\\Component\\Console\\Application->doRun(Object(Symfony\\Component\\Console\\Input\\ArgvInput), Object(Symfony\\Component\\Console\\Output\\ConsoleOutput))
#2 C:\\Users\\Formation Dev PHP\\Desktop\\heimdallAPI\\vendor\\illuminate\\console\\Application.php(92): Symfony\\Component\\Console\\Application->run(Object(Symfony\\Component\\Console\\Input\\ArgvInput), Object(Symfony\\Component\\Console\\Output\\ConsoleOutput))
#3 C:\\Users\\Formation Dev PHP\\Desktop\\heimdallAPI\\vendor\\laravel\\lumen-framework\\src\\Console\\Kernel.php(116): Illuminate\\Console\\Application->run(Object(Symfony\\Component\\Console\\Input\\ArgvInput), Object(Symfony\\Component\\Console\\Output\\ConsoleOutput))
#4 C:\\Users\\Formation Dev PHP\\Desktop\\heimdallAPI\\artisan(35): Laravel\\Lumen\\Console\\Kernel->handle(Object(Symfony\\Component\\Console\\Input\\ArgvInput), Object(Symfony\\Component\\Console\\Output\\ConsoleOutput))
#5 {main}
"} 
[2021-07-26 13:34:34] local.ERROR: No arguments expected for "migrate" command, got "create_hc_task_table". {"exception":"[object] (Symfony\\Component\\Console\\Exception\\RuntimeException(code: 0): No arguments expected for \"migrate\" command, got \"create_hc_task_table\". at C:\\Users\\Formation Dev PHP\\Desktop\\heimdallAPI\\vendor\\symfony\\console\\Input\\ArgvInput.php:186)
[stacktrace]
#0 C:\\Users\\Formation Dev PHP\\Desktop\\heimdallAPI\\vendor\\symfony\\console\\Input\\ArgvInput.php(80): Symfony\\Component\\Console\\Input\\ArgvInput->parseArgument('create_hc_task_...')
#1 C:\\Users\\Formation Dev PHP\\Desktop\\heimdallAPI\\vendor\\symfony\\console\\Input\\Input.php(55): Symfony\\Component\\Console\\Input\\ArgvInput->parse()
#2 C:\\Users\\Formation Dev PHP\\Desktop\\heimdallAPI\\vendor\\symfony\\console\\Command\\Command.php(258): Symfony\\Component\\Console\\Input\\Input->bind(Object(Symfony\\Component\\Console\\Input\\InputDefinition))
#3 C:\\Users\\Formation Dev PHP\\Desktop\\heimdallAPI\\vendor\\illuminate\\console\\Command.php(121): Symfony\\Component\\Console\\Command\\Command->run(Object(Symfony\\Component\\Console\\Input\\ArgvInput), Object(Illuminate\\Console\\OutputStyle))
#4 C:\\Users\\Formation Dev PHP\\Desktop\\heimdallAPI\\vendor\\symfony\\console\\Application.php(978): Illuminate\\Console\\Command->run(Object(Symfony\\Component\\Console\\Input\\ArgvInput), Object(Symfony\\Component\\Console\\Output\\ConsoleOutput))
#5 C:\\Users\\Formation Dev PHP\\Desktop\\heimdallAPI\\vendor\\symfony\\console\\Application.php(295): Symfony\\Component\\Console\\Application->doRunCommand(Object(Illuminate\\Database\\Console\\Migrations\\MigrateCommand), Object(Symfony\\Component\\Console\\Input\\ArgvInput), Object(Symfony\\Component\\Console\\Output\\ConsoleOutput))
#6 C:\\Users\\Formation Dev PHP\\Desktop\\heimdallAPI\\vendor\\symfony\\console\\Application.php(167): Symfony\\Component\\Console\\Application->doRun(Object(Symfony\\Component\\Console\\Input\\ArgvInput), Object(Symfony\\Component\\Console\\Output\\ConsoleOutput))
#7 C:\\Users\\Formation Dev PHP\\Desktop\\heimdallAPI\\vendor\\illuminate\\console\\Application.php(92): Symfony\\Component\\Console\\Application->run(Object(Symfony\\Component\\Console\\Input\\ArgvInput), Object(Symfony\\Component\\Console\\Output\\ConsoleOutput))
#8 C:\\Users\\Formation Dev PHP\\Desktop\\heimdallAPI\\vendor\\laravel\\lumen-framework\\src\\Console\\Kernel.php(116): Illuminate\\Console\\Application->run(Object(Symfony\\Component\\Console\\Input\\ArgvInput), Object(Symfony\\Component\\Console\\Output\\ConsoleOutput))
#9 C:\\Users\\Formation Dev PHP\\Desktop\\heimdallAPI\\artisan(35): Laravel\\Lumen\\Console\\Kernel->handle(Object(Symfony\\Component\\Console\\Input\\ArgvInput), Object(Symfony\\Component\\Console\\Output\\ConsoleOutput))
#10 {main}
"} 
[2021-07-26 13:34:50] local.ERROR: The "-p" option does not exist. {"exception":"[object] (Symfony\\Component\\Console\\Exception\\RuntimeException(code: 0): The \"-p\" option does not exist. at C:\\Users\\Formation Dev PHP\\Desktop\\heimdallAPI\\vendor\\symfony\\console\\Input\\ArgvInput.php:115)
[stacktrace]
#0 C:\\Users\\Formation Dev PHP\\Desktop\\heimdallAPI\\vendor\\symfony\\console\\Input\\ArgvInput.php(97): Symfony\\Component\\Console\\Input\\ArgvInput->parseShortOptionSet('path=create_hc_...')
#1 C:\\Users\\Formation Dev PHP\\Desktop\\heimdallAPI\\vendor\\symfony\\console\\Input\\ArgvInput.php(78): Symfony\\Component\\Console\\Input\\ArgvInput->parseShortOption('-path=create_hc...')
#2 C:\\Users\\Formation Dev PHP\\Desktop\\heimdallAPI\\vendor\\symfony\\console\\Input\\Input.php(55): Symfony\\Component\\Console\\Input\\ArgvInput->parse()
#3 C:\\Users\\Formation Dev PHP\\Desktop\\heimdallAPI\\vendor\\symfony\\console\\Command\\Command.php(258): Symfony\\Component\\Console\\Input\\Input->bind(Object(Symfony\\Component\\Console\\Input\\InputDefinition))
#4 C:\\Users\\Formation Dev PHP\\Desktop\\heimdallAPI\\vendor\\illuminate\\console\\Command.php(121): Symfony\\Component\\Console\\Command\\Command->run(Object(Symfony\\Component\\Console\\Input\\ArgvInput), Object(Illuminate\\Console\\OutputStyle))
#5 C:\\Users\\Formation Dev PHP\\Desktop\\heimdallAPI\\vendor\\symfony\\console\\Application.php(978): Illuminate\\Console\\Command->run(Object(Symfony\\Component\\Console\\Input\\ArgvInput), Object(Symfony\\Component\\Console\\Output\\ConsoleOutput))
#6 C:\\Users\\Formation Dev PHP\\Desktop\\heimdallAPI\\vendor\\symfony\\console\\Application.php(295): Symfony\\Component\\Console\\Application->doRunCommand(Object(Illuminate\\Database\\Console\\Migrations\\MigrateCommand), Object(Symfony\\Component\\Console\\Input\\ArgvInput), Object(Symfony\\Component\\Console\\Output\\ConsoleOutput))
#7 C:\\Users\\Formation Dev PHP\\Desktop\\heimdallAPI\\vendor\\symfony\\console\\Application.php(167): Symfony\\Component\\Console\\Application->doRun(Object(Symfony\\Component\\Console\\Input\\ArgvInput), Object(Symfony\\Component\\Console\\Output\\ConsoleOutput))
#8 C:\\Users\\Formation Dev PHP\\Desktop\\heimdallAPI\\vendor\\illuminate\\console\\Application.php(92): Symfony\\Component\\Console\\Application->run(Object(Symfony\\Component\\Console\\Input\\ArgvInput), Object(Symfony\\Component\\Console\\Output\\ConsoleOutput))
#9 C:\\Users\\Formation Dev PHP\\Desktop\\heimdallAPI\\vendor\\laravel\\lumen-framework\\src\\Console\\Kernel.php(116): Illuminate\\Console\\Application->run(Object(Symfony\\Component\\Console\\Input\\ArgvInput), Object(Symfony\\Component\\Console\\Output\\ConsoleOutput))
#10 C:\\Users\\Formation Dev PHP\\Desktop\\heimdallAPI\\artisan(35): Laravel\\Lumen\\Console\\Kernel->handle(Object(Symfony\\Component\\Console\\Input\\ArgvInput), Object(Symfony\\Component\\Console\\Output\\ConsoleOutput))
#11 {main}
"} 
[2021-07-26 14:25:01] local.ERROR: SQLSTATE[HY000]: General error: 1364 Field 'taskData_taskId' doesn't have a default value (SQL: insert into `hc_task_data` (`taskData_id`, `taskData_key`, `taskData_column`) values (1, Description, rendez vous sur le chantier test avec le client pour visu des nouveaux plan)) {"exception":"[object] (Illuminate\\Database\\QueryException(code: HY000): SQLSTATE[HY000]: General error: 1364 Field 'taskData_taskId' doesn't have a default value (SQL: insert into `hc_task_data` (`taskData_id`, `taskData_key`, `taskData_column`) values (1, Description, rendez vous sur le chantier test avec le client pour visu des nouveaux plan)) at C:\\Users\\Formation Dev PHP\\Desktop\\heimdallAPI\\vendor\\illuminate\\database\\Connection.php:692)
[stacktrace]
#0 C:\\Users\\Formation Dev PHP\\Desktop\\heimdallAPI\\vendor\\illuminate\\database\\Connection.php(652): Illuminate\\Database\\Connection->runQueryCallback('insert into `hc...', Array, Object(Closure))
#1 C:\\Users\\Formation Dev PHP\\Desktop\\heimdallAPI\\vendor\\illuminate\\database\\Connection.php(486): Illuminate\\Database\\Connection->run('insert into `hc...', Array, Object(Closure))
#2 C:\\Users\\Formation Dev PHP\\Desktop\\heimdallAPI\\vendor\\illuminate\\database\\Connection.php(438): Illuminate\\Database\\Connection->statement('insert into `hc...', Array)
#3 C:\\Users\\Formation Dev PHP\\Desktop\\heimdallAPI\\vendor\\illuminate\\database\\Query\\Builder.php(2916): Illuminate\\Database\\Connection->insert('insert into `hc...', Array)
#4 C:\\Users\\Formation Dev PHP\\Desktop\\heimdallAPI\\database\\seeders\\DatabaseSeeder.php(27): Illuminate\\Database\\Query\\Builder->insert(Array)
#5 C:\\Users\\Formation Dev PHP\\Desktop\\heimdallAPI\\vendor\\illuminate\\container\\BoundMethod.php(36): Database\\Seeders\\DatabaseSeeder->run()
#6 C:\\Users\\Formation Dev PHP\\Desktop\\heimdallAPI\\vendor\\illuminate\\container\\Util.php(40): Illuminate\\Container\\BoundMethod::Illuminate\\Container\\{closure}()
#7 C:\\Users\\Formation Dev PHP\\Desktop\\heimdallAPI\\vendor\\illuminate\\container\\BoundMethod.php(93): Illuminate\\Container\\Util::unwrapIfClosure(Object(Closure))
#8 C:\\Users\\Formation Dev PHP\\Desktop\\heimdallAPI\\vendor\\illuminate\\container\\BoundMethod.php(37): Illuminate\\Container\\BoundMethod::callBoundMethod(Object(Laravel\\Lumen\\Application), Array, Object(Closure))
#9 C:\\Users\\Formation Dev PHP\\Desktop\\heimdallAPI\\vendor\\illuminate\\container\\Container.php(651): Illuminate\\Container\\BoundMethod::call(Object(Laravel\\Lumen\\Application), Array, Array, NULL)
#10 C:\\Users\\Formation Dev PHP\\Desktop\\heimdallAPI\\vendor\\illuminate\\database\\Seeder.php(149): Illuminate\\Container\\Container->call(Array, Array)
#11 C:\\Users\\Formation Dev PHP\\Desktop\\heimdallAPI\\vendor\\illuminate\\database\\Console\\Seeds\\SeedCommand.php(66): Illuminate\\Database\\Seeder->__invoke()
#12 C:\\Users\\Formation Dev PHP\\Desktop\\heimdallAPI\\vendor\\illuminate\\database\\Eloquent\\Concerns\\GuardsAttributes.php(157): Illuminate\\Database\\Console\\Seeds\\SeedCommand->Illuminate\\Database\\Console\\Seeds\\{closure}()
#13 C:\\Users\\Formation Dev PHP\\Desktop\\heimdallAPI\\vendor\\illuminate\\database\\Console\\Seeds\\SeedCommand.php(67): Illuminate\\Database\\Eloquent\\Model::unguarded(Object(Closure))
#14 C:\\Users\\Formation Dev PHP\\Desktop\\heimdallAPI\\vendor\\illuminate\\container\\BoundMethod.php(36): Illuminate\\Database\\Console\\Seeds\\SeedCommand->handle()
#15 C:\\Users\\Formation Dev PHP\\Desktop\\heimdallAPI\\vendor\\illuminate\\container\\Util.php(40): Illuminate\\Container\\BoundMethod::Illuminate\\Container\\{closure}()
#16 C:\\Users\\Formation Dev PHP\\Desktop\\heimdallAPI\\vendor\\illuminate\\container\\BoundMethod.php(93): Illuminate\\Container\\Util::unwrapIfClosure(Object(Closure))
#17 C:\\Users\\Formation Dev PHP\\Desktop\\heimdallAPI\\vendor\\illuminate\\container\\BoundMethod.php(37): Illuminate\\Container\\BoundMethod::callBoundMethod(Object(Laravel\\Lumen\\Application), Array, Object(Closure))
#18 C:\\Users\\Formation Dev PHP\\Desktop\\heimdallAPI\\vendor\\illuminate\\container\\Container.php(651): Illuminate\\Container\\BoundMethod::call(Object(Laravel\\Lumen\\Application), Array, Array, NULL)
#19 C:\\Users\\Formation Dev PHP\\Desktop\\heimdallAPI\\vendor\\illuminate\\console\\Command.php(136): Illuminate\\Container\\Container->call(Array)
#20 C:\\Users\\Formation Dev PHP\\Desktop\\heimdallAPI\\vendor\\symfony\\console\\Command\\Command.php(299): Illuminate\\Console\\Command->execute(Object(Symfony\\Component\\Console\\Input\\ArrayInput), Object(Illuminate\\Console\\OutputStyle))
#21 C:\\Users\\Formation Dev PHP\\Desktop\\heimdallAPI\\vendor\\illuminate\\console\\Command.php(121): Symfony\\Component\\Console\\Command\\Command->run(Object(Symfony\\Component\\Console\\Input\\ArrayInput), Object(Illuminate\\Console\\OutputStyle))
#22 C:\\Users\\Formation Dev PHP\\Desktop\\heimdallAPI\\vendor\\illuminate\\console\\Concerns\\CallsCommands.php(68): Illuminate\\Console\\Command->run(Object(Symfony\\Component\\Console\\Input\\ArrayInput), Object(Illuminate\\Console\\OutputStyle))
#23 C:\\Users\\Formation Dev PHP\\Desktop\\heimdallAPI\\vendor\\illuminate\\console\\Concerns\\CallsCommands.php(28): Illuminate\\Console\\Command->runCommand('db:seed', Array, Object(Illuminate\\Console\\OutputStyle))
#24 C:\\Users\\Formation Dev PHP\\Desktop\\heimdallAPI\\vendor\\illuminate\\database\\Console\\Migrations\\RefreshCommand.php(136): Illuminate\\Console\\Command->call('db:seed', Array)
#25 C:\\Users\\Formation Dev PHP\\Desktop\\heimdallAPI\\vendor\\illuminate\\database\\Console\\Migrations\\RefreshCommand.php(75): Illuminate\\Database\\Console\\Migrations\\RefreshCommand->runSeeder(NULL)
#26 C:\\Users\\Formation Dev PHP\\Desktop\\heimdallAPI\\vendor\\illuminate\\container\\BoundMethod.php(36): Illuminate\\Database\\Console\\Migrations\\RefreshCommand->handle()
#27 C:\\Users\\Formation Dev PHP\\Desktop\\heimdallAPI\\vendor\\illuminate\\container\\Util.php(40): Illuminate\\Container\\BoundMethod::Illuminate\\Container\\{closure}()
#28 C:\\Users\\Formation Dev PHP\\Desktop\\heimdallAPI\\vendor\\illuminate\\container\\BoundMethod.php(93): Illuminate\\Container\\Util::unwrapIfClosure(Object(Closure))
#29 C:\\Users\\Formation Dev PHP\\Desktop\\heimdallAPI\\vendor\\illuminate\\container\\BoundMethod.php(37): Illuminate\\Container\\BoundMethod::callBoundMethod(Object(Laravel\\Lumen\\Application), Array, Object(Closure))
#30 C:\\Users\\Formation Dev PHP\\Desktop\\heimdallAPI\\vendor\\illuminate\\container\\Container.php(651): Illuminate\\Container\\BoundMethod::call(Object(Laravel\\Lumen\\Application), Array, Array, NULL)
#31 C:\\Users\\Formation Dev PHP\\Desktop\\heimdallAPI\\vendor\\illuminate\\console\\Command.php(136): Illuminate\\Container\\Container->call(Array)
#32 C:\\Users\\Formation Dev PHP\\Desktop\\heimdallAPI\\vendor\\symfony\\console\\Command\\Command.php(299): Illuminate\\Console\\Command->execute(Object(Symfony\\Component\\Console\\Input\\ArgvInput), Object(Illuminate\\Console\\OutputStyle))
#33 C:\\Users\\Formation Dev PHP\\Desktop\\heimdallAPI\\vendor\\illuminate\\console\\Command.php(121): Symfony\\Component\\Console\\Command\\Command->run(Object(Symfony\\Component\\Console\\Input\\ArgvInput), Object(Illuminate\\Console\\OutputStyle))
#34 C:\\Users\\Formation Dev PHP\\Desktop\\heimdallAPI\\vendor\\symfony\\console\\Application.php(978): Illuminate\\Console\\Command->run(Object(Symfony\\Component\\Console\\Input\\ArgvInput), Object(Symfony\\Component\\Console\\Output\\ConsoleOutput))
#35 C:\\Users\\Formation Dev PHP\\Desktop\\heimdallAPI\\vendor\\symfony\\console\\Application.php(295): Symfony\\Component\\Console\\Application->doRunCommand(Object(Illuminate\\Database\\Console\\Migrations\\RefreshCommand), Object(Symfony\\Component\\Console\\Input\\ArgvInput), Object(Symfony\\Component\\Console\\Output\\ConsoleOutput))
#36 C:\\Users\\Formation Dev PHP\\Desktop\\heimdallAPI\\vendor\\symfony\\console\\Application.php(167): Symfony\\Component\\Console\\Application->doRun(Object(Symfony\\Component\\Console\\Input\\ArgvInput), Object(Symfony\\Component\\Console\\Output\\ConsoleOutput))
#37 C:\\Users\\Formation Dev PHP\\Desktop\\heimdallAPI\\vendor\\illuminate\\console\\Application.php(92): Symfony\\Component\\Console\\Application->run(Object(Symfony\\Component\\Console\\Input\\ArgvInput), Object(Symfony\\Component\\Console\\Output\\ConsoleOutput))
#38 C:\\Users\\Formation Dev PHP\\Desktop\\heimdallAPI\\vendor\\laravel\\lumen-framework\\src\\Console\\Kernel.php(116): Illuminate\\Console\\Application->run(Object(Symfony\\Component\\Console\\Input\\ArgvInput), Object(Symfony\\Component\\Console\\Output\\ConsoleOutput))
#39 C:\\Users\\Formation Dev PHP\\Desktop\\heimdallAPI\\artisan(35): Laravel\\Lumen\\Console\\Kernel->handle(Object(Symfony\\Component\\Console\\Input\\ArgvInput), Object(Symfony\\Component\\Console\\Output\\ConsoleOutput))
#40 {main}

[previous exception] [object] (PDOException(code: HY000): SQLSTATE[HY000]: General error: 1364 Field 'taskData_taskId' doesn't have a default value at C:\\Users\\Formation Dev PHP\\Desktop\\heimdallAPI\\vendor\\illuminate\\database\\Connection.php:485)
[stacktrace]
#0 C:\\Users\\Formation Dev PHP\\Desktop\\heimdallAPI\\vendor\\illuminate\\database\\Connection.php(485): PDOStatement->execute()
#1 C:\\Users\\Formation Dev PHP\\Desktop\\heimdallAPI\\vendor\\illuminate\\database\\Connection.php(685): Illuminate\\Database\\Connection->Illuminate\\Database\\{closure}('insert into `hc...', Array)
#2 C:\\Users\\Formation Dev PHP\\Desktop\\heimdallAPI\\vendor\\illuminate\\database\\Connection.php(652): Illuminate\\Database\\Connection->runQueryCallback('insert into `hc...', Array, Object(Closure))
#3 C:\\Users\\Formation Dev PHP\\Desktop\\heimdallAPI\\vendor\\illuminate\\database\\Connection.php(486): Illuminate\\Database\\Connection->run('insert into `hc...', Array, Object(Closure))
#4 C:\\Users\\Formation Dev PHP\\Desktop\\heimdallAPI\\vendor\\illuminate\\database\\Connection.php(438): Illuminate\\Database\\Connection->statement('insert into `hc...', Array)
#5 C:\\Users\\Formation Dev PHP\\Desktop\\heimdallAPI\\vendor\\illuminate\\database\\Query\\Builder.php(2916): Illuminate\\Database\\Connection->insert('insert into `hc...', Array)
#6 C:\\Users\\Formation Dev PHP\\Desktop\\heimdallAPI\\database\\seeders\\DatabaseSeeder.php(27): Illuminate\\Database\\Query\\Builder->insert(Array)
#7 C:\\Users\\Formation Dev PHP\\Desktop\\heimdallAPI\\vendor\\illuminate\\container\\BoundMethod.php(36): Database\\Seeders\\DatabaseSeeder->run()
#8 C:\\Users\\Formation Dev PHP\\Desktop\\heimdallAPI\\vendor\\illuminate\\container\\Util.php(40): Illuminate\\Container\\BoundMethod::Illuminate\\Container\\{closure}()
#9 C:\\Users\\Formation Dev PHP\\Desktop\\heimdallAPI\\vendor\\illuminate\\container\\BoundMethod.php(93): Illuminate\\Container\\Util::unwrapIfClosure(Object(Closure))
#10 C:\\Users\\Formation Dev PHP\\Desktop\\heimdallAPI\\vendor\\illuminate\\container\\BoundMethod.php(37): Illuminate\\Container\\BoundMethod::callBoundMethod(Object(Laravel\\Lumen\\Application), Array, Object(Closure))
#11 C:\\Users\\Formation Dev PHP\\Desktop\\heimdallAPI\\vendor\\illuminate\\container\\Container.php(651): Illuminate\\Container\\BoundMethod::call(Object(Laravel\\Lumen\\Application), Array, Array, NULL)
#12 C:\\Users\\Formation Dev PHP\\Desktop\\heimdallAPI\\vendor\\illuminate\\database\\Seeder.php(149): Illuminate\\Container\\Container->call(Array, Array)
#13 C:\\Users\\Formation Dev PHP\\Desktop\\heimdallAPI\\vendor\\illuminate\\database\\Console\\Seeds\\SeedCommand.php(66): Illuminate\\Database\\Seeder->__invoke()
#14 C:\\Users\\Formation Dev PHP\\Desktop\\heimdallAPI\\vendor\\illuminate\\database\\Eloquent\\Concerns\\GuardsAttributes.php(157): Illuminate\\Database\\Console\\Seeds\\SeedCommand->Illuminate\\Database\\Console\\Seeds\\{closure}()
#15 C:\\Users\\Formation Dev PHP\\Desktop\\heimdallAPI\\vendor\\illuminate\\database\\Console\\Seeds\\SeedCommand.php(67): Illuminate\\Database\\Eloquent\\Model::unguarded(Object(Closure))
#16 C:\\Users\\Formation Dev PHP\\Desktop\\heimdallAPI\\vendor\\illuminate\\container\\BoundMethod.php(36): Illuminate\\Database\\Console\\Seeds\\SeedCommand->handle()
#17 C:\\Users\\Formation Dev PHP\\Desktop\\heimdallAPI\\vendor\\illuminate\\container\\Util.php(40): Illuminate\\Container\\BoundMethod::Illuminate\\Container\\{closure}()
#18 C:\\Users\\Formation Dev PHP\\Desktop\\heimdallAPI\\vendor\\illuminate\\container\\BoundMethod.php(93): Illuminate\\Container\\Util::unwrapIfClosure(Object(Closure))
#19 C:\\Users\\Formation Dev PHP\\Desktop\\heimdallAPI\\vendor\\illuminate\\container\\BoundMethod.php(37): Illuminate\\Container\\BoundMethod::callBoundMethod(Object(Laravel\\Lumen\\Application), Array, Object(Closure))
#20 C:\\Users\\Formation Dev PHP\\Desktop\\heimdallAPI\\vendor\\illuminate\\container\\Container.php(651): Illuminate\\Container\\BoundMethod::call(Object(Laravel\\Lumen\\Application), Array, Array, NULL)
#21 C:\\Users\\Formation Dev PHP\\Desktop\\heimdallAPI\\vendor\\illuminate\\console\\Command.php(136): Illuminate\\Container\\Container->call(Array)
#22 C:\\Users\\Formation Dev PHP\\Desktop\\heimdallAPI\\vendor\\symfony\\console\\Command\\Command.php(299): Illuminate\\Console\\Command->execute(Object(Symfony\\Component\\Console\\Input\\ArrayInput), Object(Illuminate\\Console\\OutputStyle))
#23 C:\\Users\\Formation Dev PHP\\Desktop\\heimdallAPI\\vendor\\illuminate\\console\\Command.php(121): Symfony\\Component\\Console\\Command\\Command->run(Object(Symfony\\Component\\Console\\Input\\ArrayInput), Object(Illuminate\\Console\\OutputStyle))
#24 C:\\Users\\Formation Dev PHP\\Desktop\\heimdallAPI\\vendor\\illuminate\\console\\Concerns\\CallsCommands.php(68): Illuminate\\Console\\Command->run(Object(Symfony\\Component\\Console\\Input\\ArrayInput), Object(Illuminate\\Console\\OutputStyle))
#25 C:\\Users\\Formation Dev PHP\\Desktop\\heimdallAPI\\vendor\\illuminate\\console\\Concerns\\CallsCommands.php(28): Illuminate\\Console\\Command->runCommand('db:seed', Array, Object(Illuminate\\Console\\OutputStyle))
#26 C:\\Users\\Formation Dev PHP\\Desktop\\heimdallAPI\\vendor\\illuminate\\database\\Console\\Migrations\\RefreshCommand.php(136): Illuminate\\Console\\Command->call('db:seed', Array)
#27 C:\\Users\\Formation Dev PHP\\Desktop\\heimdallAPI\\vendor\\illuminate\\database\\Console\\Migrations\\RefreshCommand.php(75): Illuminate\\Database\\Console\\Migrations\\RefreshCommand->runSeeder(NULL)
#28 C:\\Users\\Formation Dev PHP\\Desktop\\heimdallAPI\\vendor\\illuminate\\container\\BoundMethod.php(36): Illuminate\\Database\\Console\\Migrations\\RefreshCommand->handle()
#29 C:\\Users\\Formation Dev PHP\\Desktop\\heimdallAPI\\vendor\\illuminate\\container\\Util.php(40): Illuminate\\Container\\BoundMethod::Illuminate\\Container\\{closure}()
#30 C:\\Users\\Formation Dev PHP\\Desktop\\heimdallAPI\\vendor\\illuminate\\container\\BoundMethod.php(93): Illuminate\\Container\\Util::unwrapIfClosure(Object(Closure))
#31 C:\\Users\\Formation Dev PHP\\Desktop\\heimdallAPI\\vendor\\illuminate\\container\\BoundMethod.php(37): Illuminate\\Container\\BoundMethod::callBoundMethod(Object(Laravel\\Lumen\\Application), Array, Object(Closure))
#32 C:\\Users\\Formation Dev PHP\\Desktop\\heimdallAPI\\vendor\\illuminate\\container\\Container.php(651): Illuminate\\Container\\BoundMethod::call(Object(Laravel\\Lumen\\Application), Array, Array, NULL)
#33 C:\\Users\\Formation Dev PHP\\Desktop\\heimdallAPI\\vendor\\illuminate\\console\\Command.php(136): Illuminate\\Container\\Container->call(Array)
#34 C:\\Users\\Formation Dev PHP\\Desktop\\heimdallAPI\\vendor\\symfony\\console\\Command\\Command.php(299): Illuminate\\Console\\Command->execute(Object(Symfony\\Component\\Console\\Input\\ArgvInput), Object(Illuminate\\Console\\OutputStyle))
#35 C:\\Users\\Formation Dev PHP\\Desktop\\heimdallAPI\\vendor\\illuminate\\console\\Command.php(121): Symfony\\Component\\Console\\Command\\Command->run(Object(Symfony\\Component\\Console\\Input\\ArgvInput), Object(Illuminate\\Console\\OutputStyle))
#36 C:\\Users\\Formation Dev PHP\\Desktop\\heimdallAPI\\vendor\\symfony\\console\\Application.php(978): Illuminate\\Console\\Command->run(Object(Symfony\\Component\\Console\\Input\\ArgvInput), Object(Symfony\\Component\\Console\\Output\\ConsoleOutput))
#37 C:\\Users\\Formation Dev PHP\\Desktop\\heimdallAPI\\vendor\\symfony\\console\\Application.php(295): Symfony\\Component\\Console\\Application->doRunCommand(Object(Illuminate\\Database\\Console\\Migrations\\RefreshCommand), Object(Symfony\\Component\\Console\\Input\\ArgvInput), Object(Symfony\\Component\\Console\\Output\\ConsoleOutput))
#38 C:\\Users\\Formation Dev PHP\\Desktop\\heimdallAPI\\vendor\\symfony\\console\\Application.php(167): Symfony\\Component\\Console\\Application->doRun(Object(Symfony\\Component\\Console\\Input\\ArgvInput), Object(Symfony\\Component\\Console\\Output\\ConsoleOutput))
#39 C:\\Users\\Formation Dev PHP\\Desktop\\heimdallAPI\\vendor\\illuminate\\console\\Application.php(92): Symfony\\Component\\Console\\Application->run(Object(Symfony\\Component\\Console\\Input\\ArgvInput), Object(Symfony\\Component\\Console\\Output\\ConsoleOutput))
#40 C:\\Users\\Formation Dev PHP\\Desktop\\heimdallAPI\\vendor\\laravel\\lumen-framework\\src\\Console\\Kernel.php(116): Illuminate\\Console\\Application->run(Object(Symfony\\Component\\Console\\Input\\ArgvInput), Object(Symfony\\Component\\Console\\Output\\ConsoleOutput))
#41 C:\\Users\\Formation Dev PHP\\Desktop\\heimdallAPI\\artisan(35): Laravel\\Lumen\\Console\\Kernel->handle(Object(Symfony\\Component\\Console\\Input\\ArgvInput), Object(Symfony\\Component\\Console\\Output\\ConsoleOutput))
#42 {main}
"} 
